"""
Django settings for collecte_platform project.

Generated by 'django-admin startproject' using Django 5.2.7.

For more information on this file, see
https://docs.djangoproject.com/en/5.2/topics/settings/

For the full list of settings and their values, see
https://docs.djangoproject.com/en/5.2/ref/settings/
"""

from pathlib import Path
from django.contrib.messages import constants as messages
import os

# Build paths inside the project like this: BASE_DIR / 'subdir'.
BASE_DIR = Path(__file__).resolve().parent.parent


# Quick-start development settings - unsuitable for production
# See https://docs.djangoproject.com/en/5.2/howto/deployment/checklist/

# SECURITY WARNING: keep the secret key used in production secret!
SECRET_KEY = 'django-insecure-epo=(^uq7nfjpw1p26ui-0hf(oqn_4k2d5(owz@3$m8@81c94c'

# SECURITY WARNING: don't run with debug turned on in production!
DEBUG = False  # ← CHANGEZ À FALSE POUR PYTHONANYWHERE

# Configuration pour PythonAnywhere
ALLOWED_HOSTS = ['croire.pythonanywhere.com', '127.0.0.1', 'localhost']

# Handlers d'erreurs personnalisés
handler404 = 'cnef.views.custom_404_view'
handler500 = 'cnef.views.custom_500_view'
handler403 = 'cnef.views.custom_permission_denied_view'
handler400 = 'cnef.views.custom_bad_request_view'

# Configuration des sessions
SESSION_COOKIE_AGE = 600  # 2 semaines par défaut
SESSION_SAVE_EVERY_REQUEST = True
SESSION_EXPIRE_AT_BROWSER_CLOSE = False

# URLs de redirection après connexion/déconnexion
AUTH_USER_MODEL = 'cnef.User'
LOGIN_URL = 'connexion'
LOGIN_REDIRECT_URL = 'tableau_de_bord'
LOGOUT_REDIRECT_URL = 'connexion'

# Configuration des messages Bootstrap
MESSAGE_TAGS = {
    messages.DEBUG: 'debug',
    messages.INFO: 'info',
    messages.SUCCESS: 'success',
    messages.WARNING: 'warning',
    messages.ERROR: 'danger',
}

# Application definition
INSTALLED_APPS = [
    'django.contrib.admin',
    'django.contrib.auth',
    'django.contrib.contenttypes',
    'django.contrib.sessions',
    'django.contrib.messages',
    'django.contrib.staticfiles',
    'cnef',
]

MIDDLEWARE = [
    'django.middleware.security.SecurityMiddleware',
    'django.contrib.sessions.middleware.SessionMiddleware',
    'django.middleware.common.CommonMiddleware',
    'django.middleware.csrf.CsrfViewMiddleware',
    'django.contrib.auth.middleware.AuthenticationMiddleware',
    'django.contrib.messages.middleware.MessageMiddleware',
    'django.middleware.clickjacking.XFrameOptionsMiddleware',
    'cnef.middleware.SessionInterruptionMiddleware',
    # 'django.middleware.common.BrokenLinkEmailsMiddleware',  # ← COMMENTEZ CETTE LIGNE
]

ROOT_URLCONF = 'collecte_platform.urls'

TEMPLATES = [
    {
        'BACKEND': 'django.template.backends.django.DjangoTemplates',
        'DIRS': [],
        'APP_DIRS': True,
        'OPTIONS': {
            'context_processors': [
                'django.template.context_processors.request',
                'django.contrib.auth.context_processors.auth',
                'django.contrib.messages.context_processors.messages',
            ],
        },
    },
]

WSGI_APPLICATION = 'collecte_platform.wsgi.application'

# Database
DATABASES = {
    'default': {
        'ENGINE': 'django.db.backends.mysql',
        'NAME': 'Croire$default',
        'USER': 'Croire',
        'PASSWORD': 'previs045@',
        'HOST': 'Croire.mysql.pythonanywhere-services.com',
        'OPTIONS': {
            'init_command': "SET sql_mode='STRICT_TRANS_TABLES'",
            'charset': 'utf8mb4',
        },
    }
}

# URL de base de l'application
if DEBUG:
    SITE_URL = "http://127.0.0.1:8000"
else:
    SITE_URL = "https://croire.pythonanywhere.com"  # ← METTEZ VOTRE DOMAINE

# Password validation
AUTH_PASSWORD_VALIDATORS = [
    {
        'NAME': 'django.contrib.auth.password_validation.UserAttributeSimilarityValidator',
    },
    {
        'NAME': 'django.contrib.auth.password_validation.MinimumLengthValidator',
    },
    {
        'NAME': 'django.contrib.auth.password_validation.CommonPasswordValidator',
    },
    {
        'NAME': 'django.contrib.auth.password_validation.NumericPasswordValidator',
    },
]

# Cache et Celery - COMMENTEZ POUR L'INSTANT SUR PYTHONANYWHERE
"""
CACHES = {
    'default': {
        'BACKEND': 'django_redis.cache.RedisCache',
        'LOCATION': 'redis://127.0.0.1:6379/1',
        'OPTIONS': {
            'CLIENT_CLASS': 'django_redis.client.DefaultClient',
        }
    }
}
CELERY_BROKER_URL = 'redis://127.0.0.1:6379/0'
CELERY_RESULT_BACKEND = 'redis://127.0.0.1:6379/0'
"""

# Internationalization
LANGUAGE_CODE = 'fr'
TIME_ZONE = 'Africa/Douala'
USE_I18N = False
USE_TZ = True

# Static files (CSS, JavaScript, Images) - CONFIGURATION AJOUTÉE
STATIC_URL = '/static/'
STATIC_ROOT = os.path.join(BASE_DIR, 'staticfiles')  # ← AJOUT IMPORTANT
STATICFILES_DIRS = [
    os.path.join(BASE_DIR, 'static'),
]

# Media files
MEDIA_URL = '/media/'
MEDIA_ROOT = os.path.join(BASE_DIR, 'media')

# Default primary key field type
DEFAULT_AUTO_FIELD = 'django.db.models.BigAutoField'

# Logging
LOGGING = {
    'version': 1,
    'disable_existing_loggers': False,
    'handlers': {
        'file': {
            'level': 'ERROR',
            'class': 'logging.FileHandler',
            'filename': os.path.join(BASE_DIR, 'errors.log'),
        },
    },
    'loggers': {
        'django': {
            'handlers': ['file'],
            'level': 'ERROR',
            'propagate': True,
        },
    },
}



EMAIL_BACKEND = 'django.core.mail.backends.smtp.EmailBackend'
EMAIL_HOST = 'smtp.gmail.com'
EMAIL_PORT = 587
EMAIL_USE_TLS = True


EMAIL_HOST_USER = 'croire045@gmail.com'
EMAIL_HOST_PASSWORD = 'ddky jixm fngn zzhl'

DEFAULT_FROM_EMAIL = f'Comité National Economique et Financier <{EMAIL_HOST_USER}>'
EMAIL_ADMIN = EMAIL_HOST_USER
